c:\users\koray\documents\github\my_phantomclone\phantomclone\x64\debug\phantomclone.pch
c:\users\koray\documents\github\my_phantomclone\x64\debug\phantomclone.pdb
c:\users\koray\documents\github\my_phantomclone\x64\debug\phantomclone.idb
c:\users\koray\documents\github\my_phantomclone\phantomclone\x64\debug\pch.obj
c:\users\koray\documents\github\my_phantomclone\phantomclone\x64\debug\phantomclone.obj
c:\users\koray\documents\github\my_phantomclone\phantomclone\x64\debug\daqboard.obj
c:\users\kcy\onedrive - university of reading\documents\github\my_phantomclone\phantomclone\x64\debug\phantomclone.pch
c:\users\kcy\onedrive - university of reading\documents\github\my_phantomclone\x64\debug\phantomclone.pdb
c:\users\kcy\onedrive - university of reading\documents\github\my_phantomclone\x64\debug\phantomclone.idb
c:\users\kcy\onedrive - university of reading\documents\github\my_phantomclone\phantomclone\x64\debug\pch.obj
c:\users\kcy\onedrive - university of reading\documents\github\my_phantomclone\phantomclone\x64\debug\phantomclone.obj
c:\users\kcy\onedrive - university of reading\documents\github\my_phantomclone\phantomclone\x64\debug\daqboard.obj
c:\users\koray\documents\github\my_phantomclone\x64\debug\phantomclone.lib
c:\users\kcy\onedrive - university of reading\documents\github\my_phantomclone\x64\debug\phantomclone.lib
c:\users\kcy\onedrive - university of reading\documents\github\my_phantomclone\phantomclone\x64\debug\phantomclone.tlog\cl.command.1.tlog
c:\users\kcy\onedrive - university of reading\documents\github\my_phantomclone\phantomclone\x64\debug\phantomclone.tlog\cl.items.tlog
c:\users\kcy\onedrive - university of reading\documents\github\my_phantomclone\phantomclone\x64\debug\phantomclone.tlog\cl.read.1.tlog
c:\users\kcy\onedrive - university of reading\documents\github\my_phantomclone\phantomclone\x64\debug\phantomclone.tlog\cl.write.1.tlog
c:\users\kcy\onedrive - university of reading\documents\github\my_phantomclone\phantomclone\x64\debug\phantomclone.tlog\lib-link.read.1.tlog
c:\users\kcy\onedrive - university of reading\documents\github\my_phantomclone\phantomclone\x64\debug\phantomclone.tlog\lib-link.write.1.tlog
c:\users\kcy\onedrive - university of reading\documents\github\my_phantomclone\phantomclone\x64\debug\phantomclone.tlog\lib.command.1.tlog
